17/06/2020 04:51:25: [Método: Void HandleErrorHelper(Int32, Oracle.DataAccess.Client.OracleConnection, IntPtr, Oracle.DataAccess.Client.OpoSqlValCtx*, System.Object, System.String, Boolean, Int32, Oracle.DataAccess.Client.OracleLogicalTransaction), Línea: 0] - ORA-01017: invalid username/password; logon denied
17/06/2020 04:51:25: [Método: Void HandleError(Int32, Oracle.DataAccess.Client.OracleConnection, IntPtr, System.Object, Oracle.DataAccess.Client.OracleLogicalTransaction), Línea: 0] - ORA-01017: invalid username/password; logon denied
17/06/2020 04:51:25: [Método: Void Open(Oracle.DataAccess.Client.OracleConnection), Línea: 0] - ORA-01017: invalid username/password; logon denied
17/06/2020 04:51:25: [Método: Void Open(), Línea: 0] - ORA-01017: invalid username/password; logon denied
17/06/2020 04:51:25: [Método: T QueryRowImpl[T](System.Data.IDbConnection, Row, Dapper.CommandDefinition ByRef, System.Type), Línea: 0] - ORA-01017: invalid username/password; logon denied
17/06/2020 04:51:25: [Método: T QueryFirstOrDefault[T](System.Data.IDbConnection, System.String, System.Object, System.Data.IDbTransaction, System.Nullable`1[System.Int32], System.Nullable`1[System.Data.CommandType]), Línea: 0] - ORA-01017: invalid username/password; logon denied
17/06/2020 04:51:25: [Método: sres.be.UsuarioBE ObtenerUsuarioPorCorreo(System.String), Línea: 0] - ORA-01017: invalid username/password; logon denied
17/06/2020 04:52:01: [Método: Void HandleErrorHelper(Int32, Oracle.DataAccess.Client.OracleConnection, IntPtr, Oracle.DataAccess.Client.OpoSqlValCtx*, System.Object, System.String, Boolean, Int32, Oracle.DataAccess.Client.OracleLogicalTransaction), Línea: 0] - ORA-01017: invalid username/password; logon denied
17/06/2020 04:52:01: [Método: Void HandleError(Int32, Oracle.DataAccess.Client.OracleConnection, IntPtr, System.Object, Oracle.DataAccess.Client.OracleLogicalTransaction), Línea: 0] - ORA-01017: invalid username/password; logon denied
17/06/2020 04:52:01: [Método: Void Open(Oracle.DataAccess.Client.OracleConnection), Línea: 0] - ORA-01017: invalid username/password; logon denied
17/06/2020 04:52:01: [Método: Void Open(), Línea: 0] - ORA-01017: invalid username/password; logon denied
17/06/2020 04:52:01: [Método: T QueryRowImpl[T](System.Data.IDbConnection, Row, Dapper.CommandDefinition ByRef, System.Type), Línea: 0] - ORA-01017: invalid username/password; logon denied
17/06/2020 04:52:01: [Método: T QueryFirstOrDefault[T](System.Data.IDbConnection, System.String, System.Object, System.Data.IDbTransaction, System.Nullable`1[System.Int32], System.Nullable`1[System.Data.CommandType]), Línea: 0] - ORA-01017: invalid username/password; logon denied
17/06/2020 04:52:01: [Método: sres.be.UsuarioBE ObtenerUsuarioPorCorreo(System.String), Línea: 0] - ORA-01017: invalid username/password; logon denied
17/06/2020 04:54:24: [Método: Void HandleErrorHelper(Int32, Oracle.DataAccess.Client.OracleConnection, IntPtr, Oracle.DataAccess.Client.OpoSqlValCtx*, System.Object, System.String, Boolean, Int32, Oracle.DataAccess.Client.OracleLogicalTransaction), Línea: 0] - ORA-01017: invalid username/password; logon denied
17/06/2020 04:54:24: [Método: Void HandleError(Int32, Oracle.DataAccess.Client.OracleConnection, IntPtr, System.Object, Oracle.DataAccess.Client.OracleLogicalTransaction), Línea: 0] - ORA-01017: invalid username/password; logon denied
17/06/2020 04:54:24: [Método: Void Open(Oracle.DataAccess.Client.OracleConnection), Línea: 0] - ORA-01017: invalid username/password; logon denied
17/06/2020 04:54:24: [Método: Void Open(), Línea: 0] - ORA-01017: invalid username/password; logon denied
17/06/2020 04:54:24: [Método: T QueryRowImpl[T](System.Data.IDbConnection, Row, Dapper.CommandDefinition ByRef, System.Type), Línea: 0] - ORA-01017: invalid username/password; logon denied
17/06/2020 04:54:24: [Método: T QueryFirstOrDefault[T](System.Data.IDbConnection, System.String, System.Object, System.Data.IDbTransaction, System.Nullable`1[System.Int32], System.Nullable`1[System.Data.CommandType]), Línea: 0] - ORA-01017: invalid username/password; logon denied
17/06/2020 04:54:24: [Método: sres.be.UsuarioBE ObtenerUsuarioPorCorreo(System.String), Línea: 0] - ORA-01017: invalid username/password; logon denied
17/06/2020 04:57:14: [Método: Void HandleErrorHelper(Int32, Oracle.DataAccess.Client.OracleConnection, IntPtr, Oracle.DataAccess.Client.OpoSqlValCtx*, System.Object, System.String, Boolean, Int32, Oracle.DataAccess.Client.OracleLogicalTransaction), Línea: 0] - ORA-01017: invalid username/password; logon denied
17/06/2020 04:57:14: [Método: Void HandleError(Int32, Oracle.DataAccess.Client.OracleConnection, IntPtr, System.Object, Oracle.DataAccess.Client.OracleLogicalTransaction), Línea: 0] - ORA-01017: invalid username/password; logon denied
17/06/2020 04:57:14: [Método: Void Open(Oracle.DataAccess.Client.OracleConnection), Línea: 0] - ORA-01017: invalid username/password; logon denied
17/06/2020 04:57:14: [Método: Void Open(), Línea: 0] - ORA-01017: invalid username/password; logon denied
17/06/2020 04:57:14: [Método: T QueryRowImpl[T](System.Data.IDbConnection, Row, Dapper.CommandDefinition ByRef, System.Type), Línea: 0] - ORA-01017: invalid username/password; logon denied
17/06/2020 04:57:14: [Método: T QueryFirstOrDefault[T](System.Data.IDbConnection, System.String, System.Object, System.Data.IDbTransaction, System.Nullable`1[System.Int32], System.Nullable`1[System.Data.CommandType]), Línea: 0] - ORA-01017: invalid username/password; logon denied
17/06/2020 04:57:14: [Método: sres.be.UsuarioBE ObtenerUsuarioPorCorreo(System.String), Línea: 0] - ORA-01017: invalid username/password; logon denied
17/06/2020 05:09:56: [Método: Void HandleErrorHelper(Int32, Oracle.DataAccess.Client.OracleConnection, IntPtr, Oracle.DataAccess.Client.OpoSqlValCtx*, System.Object, System.String, Boolean, Int32, Oracle.DataAccess.Client.OracleLogicalTransaction), Línea: 0] - ORA-01017: invalid username/password; logon denied
17/06/2020 05:09:56: [Método: Void HandleError(Int32, Oracle.DataAccess.Client.OracleConnection, IntPtr, System.Object, Oracle.DataAccess.Client.OracleLogicalTransaction), Línea: 0] - ORA-01017: invalid username/password; logon denied
17/06/2020 05:09:56: [Método: Void Open(Oracle.DataAccess.Client.OracleConnection), Línea: 0] - ORA-01017: invalid username/password; logon denied
17/06/2020 05:09:56: [Método: Void Open(), Línea: 0] - ORA-01017: invalid username/password; logon denied
17/06/2020 05:09:56: [Método: T QueryRowImpl[T](System.Data.IDbConnection, Row, Dapper.CommandDefinition ByRef, System.Type), Línea: 0] - ORA-01017: invalid username/password; logon denied
17/06/2020 05:09:56: [Método: T QueryFirstOrDefault[T](System.Data.IDbConnection, System.String, System.Object, System.Data.IDbTransaction, System.Nullable`1[System.Int32], System.Nullable`1[System.Data.CommandType]), Línea: 0] - ORA-01017: invalid username/password; logon denied
17/06/2020 05:09:56: [Método: sres.be.UsuarioBE ObtenerUsuarioPorCorreo(System.String), Línea: 53] - ORA-01017: invalid username/password; logon denied
17/06/2020 05:13:11: [Método: Void HandleErrorHelper(Int32, Oracle.DataAccess.Client.OracleConnection, IntPtr, Oracle.DataAccess.Client.OpoSqlValCtx*, System.Object, System.String, Boolean, Int32, Oracle.DataAccess.Client.OracleLogicalTransaction), Línea: 0] - ORA-01017: invalid username/password; logon denied
17/06/2020 05:13:11: [Método: Void HandleError(Int32, Oracle.DataAccess.Client.OracleConnection, IntPtr, System.Object, Oracle.DataAccess.Client.OracleLogicalTransaction), Línea: 0] - ORA-01017: invalid username/password; logon denied
17/06/2020 05:13:11: [Método: Void Open(Oracle.DataAccess.Client.OracleConnection), Línea: 0] - ORA-01017: invalid username/password; logon denied
17/06/2020 05:13:11: [Método: Void Open(), Línea: 0] - ORA-01017: invalid username/password; logon denied
17/06/2020 05:13:11: [Método: T QueryRowImpl[T](System.Data.IDbConnection, Row, Dapper.CommandDefinition ByRef, System.Type), Línea: 0] - ORA-01017: invalid username/password; logon denied
17/06/2020 05:13:11: [Método: T QueryFirstOrDefault[T](System.Data.IDbConnection, System.String, System.Object, System.Data.IDbTransaction, System.Nullable`1[System.Int32], System.Nullable`1[System.Data.CommandType]), Línea: 0] - ORA-01017: invalid username/password; logon denied
17/06/2020 05:13:11: [Método: sres.be.UsuarioBE ObtenerUsuarioPorCorreo(System.String), Línea: 53] - ORA-01017: invalid username/password; logon denied
17/06/2020 05:17:42: [Método: Void HandleErrorHelper(Int32, Oracle.DataAccess.Client.OracleConnection, IntPtr, Oracle.DataAccess.Client.OpoSqlValCtx*, System.Object, System.String, Boolean, Int32, Oracle.DataAccess.Client.OracleLogicalTransaction), Línea: 0] - ORA-01017: invalid username/password; logon denied
17/06/2020 05:17:42: [Método: Void HandleError(Int32, Oracle.DataAccess.Client.OracleConnection, IntPtr, System.Object, Oracle.DataAccess.Client.OracleLogicalTransaction), Línea: 0] - ORA-01017: invalid username/password; logon denied
17/06/2020 05:17:42: [Método: Void Open(Oracle.DataAccess.Client.OracleConnection), Línea: 0] - ORA-01017: invalid username/password; logon denied
17/06/2020 05:17:42: [Método: Void Open(), Línea: 0] - ORA-01017: invalid username/password; logon denied
17/06/2020 05:17:42: [Método: Boolean MoveNext(), Línea: 0] - ORA-01017: invalid username/password; logon denied
17/06/2020 05:17:42: [Método: Void .ctor(System.Collections.Generic.IEnumerable`1[T]), Línea: 0] - ORA-01017: invalid username/password; logon denied
17/06/2020 05:17:42: [Método: System.Collections.Generic.List`1[TSource] ToList[TSource](System.Collections.Generic.IEnumerable`1[TSource]), Línea: 0] - ORA-01017: invalid username/password; logon denied
17/06/2020 05:17:42: [Método: System.Collections.Generic.IEnumerable`1[T] Query[T](System.Data.IDbConnection, System.String, System.Object, System.Data.IDbTransaction, Boolean, System.Nullable`1[System.Int32], System.Nullable`1[System.Data.CommandType]), Línea: 0] - ORA-01017: invalid username/password; logon denied
17/06/2020 05:17:42: [Método: System.Collections.Generic.List`1[sres.be.CriterioBE] ListarBusquedaCriterio(sres.be.CriterioBE), Línea: 35] - ORA-01017: invalid username/password; logon denied
17/06/2020 05:19:04: [Método: Void HandleErrorHelper(Int32, Oracle.DataAccess.Client.OracleConnection, IntPtr, Oracle.DataAccess.Client.OpoSqlValCtx*, System.Object, System.String, Boolean, Int32, Oracle.DataAccess.Client.OracleLogicalTransaction), Línea: 0] - ORA-01017: invalid username/password; logon denied
17/06/2020 05:19:04: [Método: Void HandleError(Int32, Oracle.DataAccess.Client.OracleConnection, IntPtr, System.Object, Oracle.DataAccess.Client.OracleLogicalTransaction), Línea: 0] - ORA-01017: invalid username/password; logon denied
17/06/2020 05:19:04: [Método: Void Open(Oracle.DataAccess.Client.OracleConnection), Línea: 0] - ORA-01017: invalid username/password; logon denied
17/06/2020 05:19:04: [Método: Void Open(), Línea: 0] - ORA-01017: invalid username/password; logon denied
17/06/2020 05:19:04: [Método: Boolean MoveNext(), Línea: 0] - ORA-01017: invalid username/password; logon denied
17/06/2020 05:19:04: [Método: Void .ctor(System.Collections.Generic.IEnumerable`1[T]), Línea: 0] - ORA-01017: invalid username/password; logon denied
17/06/2020 05:19:04: [Método: System.Collections.Generic.List`1[TSource] ToList[TSource](System.Collections.Generic.IEnumerable`1[TSource]), Línea: 0] - ORA-01017: invalid username/password; logon denied
17/06/2020 05:19:04: [Método: System.Collections.Generic.IEnumerable`1[T] Query[T](System.Data.IDbConnection, System.String, System.Object, System.Data.IDbTransaction, Boolean, System.Nullable`1[System.Int32], System.Nullable`1[System.Data.CommandType]), Línea: 0] - ORA-01017: invalid username/password; logon denied
17/06/2020 05:19:04: [Método: System.Collections.Generic.List`1[sres.be.CriterioBE] ListarBusquedaCriterio(sres.be.CriterioBE), Línea: 35] - ORA-01017: invalid username/password; logon denied
17/06/2020 05:19:08: [Método: Void HandleErrorHelper(Int32, Oracle.DataAccess.Client.OracleConnection, IntPtr, Oracle.DataAccess.Client.OpoSqlValCtx*, System.Object, System.String, Boolean, Int32, Oracle.DataAccess.Client.OracleLogicalTransaction), Línea: 0] - ORA-01017: invalid username/password; logon denied
17/06/2020 05:19:08: [Método: Void HandleError(Int32, Oracle.DataAccess.Client.OracleConnection, IntPtr, System.Object, Oracle.DataAccess.Client.OracleLogicalTransaction), Línea: 0] - ORA-01017: invalid username/password; logon denied
17/06/2020 05:19:08: [Método: Void Open(Oracle.DataAccess.Client.OracleConnection), Línea: 0] - ORA-01017: invalid username/password; logon denied
17/06/2020 05:19:08: [Método: Void Open(), Línea: 0] - ORA-01017: invalid username/password; logon denied
17/06/2020 05:19:08: [Método: Boolean MoveNext(), Línea: 0] - ORA-01017: invalid username/password; logon denied
17/06/2020 05:19:08: [Método: Void .ctor(System.Collections.Generic.IEnumerable`1[T]), Línea: 0] - ORA-01017: invalid username/password; logon denied
17/06/2020 05:19:08: [Método: System.Collections.Generic.List`1[TSource] ToList[TSource](System.Collections.Generic.IEnumerable`1[TSource]), Línea: 0] - ORA-01017: invalid username/password; logon denied
17/06/2020 05:19:08: [Método: System.Collections.Generic.IEnumerable`1[T] Query[T](System.Data.IDbConnection, System.String, System.Object, System.Data.IDbTransaction, Boolean, System.Nullable`1[System.Int32], System.Nullable`1[System.Data.CommandType]), Línea: 0] - ORA-01017: invalid username/password; logon denied
17/06/2020 05:19:08: [Método: System.Collections.Generic.List`1[sres.be.CriterioBE] ListarBusquedaCriterio(sres.be.CriterioBE), Línea: 35] - ORA-01017: invalid username/password; logon denied
17/06/2020 05:22:26: [Método: Void HandleErrorHelper(Int32, Oracle.DataAccess.Client.OracleConnection, IntPtr, Oracle.DataAccess.Client.OpoSqlValCtx*, System.Object, System.String, Boolean, Int32, Oracle.DataAccess.Client.OracleLogicalTransaction), Línea: 0] - ORA-28000: the account is locked
17/06/2020 05:22:26: [Método: Void HandleError(Int32, Oracle.DataAccess.Client.OracleConnection, IntPtr, System.Object, Oracle.DataAccess.Client.OracleLogicalTransaction), Línea: 0] - ORA-28000: the account is locked
17/06/2020 05:22:26: [Método: Void Open(Oracle.DataAccess.Client.OracleConnection), Línea: 0] - ORA-28000: the account is locked
17/06/2020 05:22:26: [Método: Void Open(), Línea: 0] - ORA-28000: the account is locked
17/06/2020 05:22:26: [Método: T QueryRowImpl[T](System.Data.IDbConnection, Row, Dapper.CommandDefinition ByRef, System.Type), Línea: 0] - ORA-28000: the account is locked
17/06/2020 05:22:26: [Método: T QueryFirstOrDefault[T](System.Data.IDbConnection, System.String, System.Object, System.Data.IDbTransaction, System.Nullable`1[System.Int32], System.Nullable`1[System.Data.CommandType]), Línea: 0] - ORA-28000: the account is locked
17/06/2020 05:22:26: [Método: sres.be.UsuarioBE ObtenerUsuarioPorCorreo(System.String), Línea: 53] - ORA-28000: the account is locked
17/06/2020 05:22:36: [Método: Void HandleErrorHelper(Int32, Oracle.DataAccess.Client.OracleConnection, IntPtr, Oracle.DataAccess.Client.OpoSqlValCtx*, System.Object, System.String, Boolean, Int32, Oracle.DataAccess.Client.OracleLogicalTransaction), Línea: 0] - ORA-28000: the account is locked
17/06/2020 05:22:36: [Método: Void HandleError(Int32, Oracle.DataAccess.Client.OracleConnection, IntPtr, System.Object, Oracle.DataAccess.Client.OracleLogicalTransaction), Línea: 0] - ORA-28000: the account is locked
17/06/2020 05:22:36: [Método: Void Open(Oracle.DataAccess.Client.OracleConnection), Línea: 0] - ORA-28000: the account is locked
17/06/2020 05:22:36: [Método: Void Open(), Línea: 0] - ORA-28000: the account is locked
17/06/2020 05:22:36: [Método: Boolean MoveNext(), Línea: 0] - ORA-28000: the account is locked
17/06/2020 05:22:36: [Método: Void .ctor(System.Collections.Generic.IEnumerable`1[T]), Línea: 0] - ORA-28000: the account is locked
17/06/2020 05:22:36: [Método: System.Collections.Generic.List`1[TSource] ToList[TSource](System.Collections.Generic.IEnumerable`1[TSource]), Línea: 0] - ORA-28000: the account is locked
17/06/2020 05:22:36: [Método: System.Collections.Generic.IEnumerable`1[T] Query[T](System.Data.IDbConnection, System.String, System.Object, System.Data.IDbTransaction, Boolean, System.Nullable`1[System.Int32], System.Nullable`1[System.Data.CommandType]), Línea: 0] - ORA-28000: the account is locked
17/06/2020 05:22:36: [Método: System.Collections.Generic.List`1[sres.be.CriterioBE] ListarBusquedaCriterio(sres.be.CriterioBE), Línea: 35] - ORA-28000: the account is locked
17/06/2020 05:26:04: [Método: Void HandleErrorHelper(Int32, Oracle.DataAccess.Client.OracleConnection, IntPtr, Oracle.DataAccess.Client.OpoSqlValCtx*, System.Object, System.String, Boolean, Int32, Oracle.DataAccess.Client.OracleLogicalTransaction), Línea: 0] - ORA-28000: the account is locked
17/06/2020 05:26:04: [Método: Void HandleError(Int32, Oracle.DataAccess.Client.OracleConnection, IntPtr, System.Object, Oracle.DataAccess.Client.OracleLogicalTransaction), Línea: 0] - ORA-28000: the account is locked
17/06/2020 05:26:04: [Método: Void Open(Oracle.DataAccess.Client.OracleConnection), Línea: 0] - ORA-28000: the account is locked
17/06/2020 05:26:04: [Método: Void Open(), Línea: 0] - ORA-28000: the account is locked
17/06/2020 05:26:04: [Método: Boolean MoveNext(), Línea: 0] - ORA-28000: the account is locked
17/06/2020 05:26:04: [Método: Void .ctor(System.Collections.Generic.IEnumerable`1[T]), Línea: 0] - ORA-28000: the account is locked
17/06/2020 05:26:04: [Método: System.Collections.Generic.List`1[TSource] ToList[TSource](System.Collections.Generic.IEnumerable`1[TSource]), Línea: 0] - ORA-28000: the account is locked
17/06/2020 05:26:04: [Método: System.Collections.Generic.IEnumerable`1[T] Query[T](System.Data.IDbConnection, System.String, System.Object, System.Data.IDbTransaction, Boolean, System.Nullable`1[System.Int32], System.Nullable`1[System.Data.CommandType]), Línea: 0] - ORA-28000: the account is locked
17/06/2020 05:26:04: [Método: System.Collections.Generic.List`1[sres.be.CriterioBE] ListarBusquedaCriterio(sres.be.CriterioBE), Línea: 35] - ORA-28000: the account is locked
17/06/2020 05:26:54: [Método: Void HandleErrorHelper(Int32, Oracle.DataAccess.Client.OracleConnection, IntPtr, Oracle.DataAccess.Client.OpoSqlValCtx*, System.Object, System.String, Boolean, Int32, Oracle.DataAccess.Client.OracleLogicalTransaction), Línea: 0] - ORA-28000: the account is locked
17/06/2020 05:26:54: [Método: Void HandleError(Int32, Oracle.DataAccess.Client.OracleConnection, IntPtr, System.Object, Oracle.DataAccess.Client.OracleLogicalTransaction), Línea: 0] - ORA-28000: the account is locked
17/06/2020 05:26:54: [Método: Void Open(Oracle.DataAccess.Client.OracleConnection), Línea: 0] - ORA-28000: the account is locked
17/06/2020 05:26:54: [Método: Void Open(), Línea: 0] - ORA-28000: the account is locked
17/06/2020 05:26:54: [Método: T QueryRowImpl[T](System.Data.IDbConnection, Row, Dapper.CommandDefinition ByRef, System.Type), Línea: 0] - ORA-28000: the account is locked
17/06/2020 05:26:54: [Método: T QueryFirstOrDefault[T](System.Data.IDbConnection, System.String, System.Object, System.Data.IDbTransaction, System.Nullable`1[System.Int32], System.Nullable`1[System.Data.CommandType]), Línea: 0] - ORA-28000: the account is locked
17/06/2020 05:26:54: [Método: sres.be.UsuarioBE ObtenerUsuarioPorCorreo(System.String), Línea: 53] - ORA-28000: the account is locked
17/06/2020 05:28:54: [Método: Void HandleErrorHelper(Int32, Oracle.DataAccess.Client.OracleConnection, IntPtr, Oracle.DataAccess.Client.OpoSqlValCtx*, System.Object, System.String, Boolean, Int32, Oracle.DataAccess.Client.OracleLogicalTransaction), Línea: 0] - ORA-28000: the account is locked
17/06/2020 05:28:54: [Método: Void HandleError(Int32, Oracle.DataAccess.Client.OracleConnection, IntPtr, System.Object, Oracle.DataAccess.Client.OracleLogicalTransaction), Línea: 0] - ORA-28000: the account is locked
17/06/2020 05:28:54: [Método: Void Open(Oracle.DataAccess.Client.OracleConnection), Línea: 0] - ORA-28000: the account is locked
17/06/2020 05:28:54: [Método: Void Open(), Línea: 0] - ORA-28000: the account is locked
17/06/2020 05:28:54: [Método: Boolean MoveNext(), Línea: 0] - ORA-28000: the account is locked
17/06/2020 05:28:54: [Método: Void .ctor(System.Collections.Generic.IEnumerable`1[T]), Línea: 0] - ORA-28000: the account is locked
17/06/2020 05:28:54: [Método: System.Collections.Generic.List`1[TSource] ToList[TSource](System.Collections.Generic.IEnumerable`1[TSource]), Línea: 0] - ORA-28000: the account is locked
17/06/2020 05:28:54: [Método: System.Collections.Generic.IEnumerable`1[T] Query[T](System.Data.IDbConnection, System.String, System.Object, System.Data.IDbTransaction, Boolean, System.Nullable`1[System.Int32], System.Nullable`1[System.Data.CommandType]), Línea: 0] - ORA-28000: the account is locked
17/06/2020 05:28:54: [Método: System.Collections.Generic.List`1[sres.be.CriterioBE] ListarBusquedaCriterio(sres.be.CriterioBE), Línea: 35] - ORA-28000: the account is locked
17/06/2020 05:33:31: [Método: Void HandleErrorHelper(Int32, Oracle.DataAccess.Client.OracleConnection, IntPtr, Oracle.DataAccess.Client.OpoSqlValCtx*, System.Object, System.String, Boolean, Int32, Oracle.DataAccess.Client.OracleLogicalTransaction), Línea: 0] - ORA-28000: the account is locked
17/06/2020 05:33:31: [Método: Void HandleError(Int32, Oracle.DataAccess.Client.OracleConnection, IntPtr, System.Object, Oracle.DataAccess.Client.OracleLogicalTransaction), Línea: 0] - ORA-28000: the account is locked
17/06/2020 05:33:31: [Método: Void Open(Oracle.DataAccess.Client.OracleConnection), Línea: 0] - ORA-28000: the account is locked
17/06/2020 05:33:31: [Método: Void Open(), Línea: 0] - ORA-28000: the account is locked
17/06/2020 05:33:31: [Método: Boolean MoveNext(), Línea: 0] - ORA-28000: the account is locked
17/06/2020 05:33:31: [Método: Void .ctor(System.Collections.Generic.IEnumerable`1[T]), Línea: 0] - ORA-28000: the account is locked
17/06/2020 05:33:31: [Método: System.Collections.Generic.List`1[TSource] ToList[TSource](System.Collections.Generic.IEnumerable`1[TSource]), Línea: 0] - ORA-28000: the account is locked
17/06/2020 05:33:31: [Método: System.Collections.Generic.IEnumerable`1[T] Query[T](System.Data.IDbConnection, System.String, System.Object, System.Data.IDbTransaction, Boolean, System.Nullable`1[System.Int32], System.Nullable`1[System.Data.CommandType]), Línea: 0] - ORA-28000: the account is locked
17/06/2020 05:33:31: [Método: System.Collections.Generic.List`1[sres.be.CriterioBE] ListarBusquedaCriterio(sres.be.CriterioBE), Línea: 35] - ORA-28000: the account is locked
17/06/2020 05:37:39: [Método: Void HandleErrorHelper(Int32, Oracle.DataAccess.Client.OracleConnection, IntPtr, Oracle.DataAccess.Client.OpoSqlValCtx*, System.Object, System.String, Boolean, Int32, Oracle.DataAccess.Client.OracleLogicalTransaction), Línea: 0] - ORA-00907: falta el paréntesis derecho
ORA-06512: en "SRES.PKG_SRES_MANTENIMIENTO", línea 51
ORA-06512: en línea 1
17/06/2020 05:37:39: [Método: Void HandleError(Int32, Oracle.DataAccess.Client.OracleConnection, System.String, IntPtr, Oracle.DataAccess.Client.OpoSqlValCtx*, System.Object, Boolean, Oracle.DataAccess.Client.OracleLogicalTransaction), Línea: 0] - ORA-00907: falta el paréntesis derecho
ORA-06512: en "SRES.PKG_SRES_MANTENIMIENTO", línea 51
ORA-06512: en línea 1
17/06/2020 05:37:39: [Método: Oracle.DataAccess.Client.OracleDataReader ExecuteReader(Boolean, Boolean, System.Data.CommandBehavior), Línea: 0] - ORA-00907: falta el paréntesis derecho
ORA-06512: en "SRES.PKG_SRES_MANTENIMIENTO", línea 51
ORA-06512: en línea 1
17/06/2020 05:37:39: [Método: System.Data.Common.DbDataReader ExecuteDbDataReader(System.Data.CommandBehavior), Línea: 0] - ORA-00907: falta el paréntesis derecho
ORA-06512: en "SRES.PKG_SRES_MANTENIMIENTO", línea 51
ORA-06512: en línea 1
17/06/2020 05:37:39: [Método: System.Data.IDataReader System.Data.IDbCommand.ExecuteReader(System.Data.CommandBehavior), Línea: 0] - ORA-00907: falta el paréntesis derecho
ORA-06512: en "SRES.PKG_SRES_MANTENIMIENTO", línea 51
ORA-06512: en línea 1
17/06/2020 05:37:39: [Método: System.Data.IDataReader ExecuteReaderWithFlagsFallback(System.Data.IDbCommand, Boolean, System.Data.CommandBehavior), Línea: 0] - ORA-00907: falta el paréntesis derecho
ORA-06512: en "SRES.PKG_SRES_MANTENIMIENTO", línea 51
ORA-06512: en línea 1
17/06/2020 05:37:39: [Método: Boolean MoveNext(), Línea: 0] - ORA-00907: falta el paréntesis derecho
ORA-06512: en "SRES.PKG_SRES_MANTENIMIENTO", línea 51
ORA-06512: en línea 1
17/06/2020 05:37:39: [Método: Void .ctor(System.Collections.Generic.IEnumerable`1[T]), Línea: 0] - ORA-00907: falta el paréntesis derecho
ORA-06512: en "SRES.PKG_SRES_MANTENIMIENTO", línea 51
ORA-06512: en línea 1
17/06/2020 05:37:39: [Método: System.Collections.Generic.List`1[TSource] ToList[TSource](System.Collections.Generic.IEnumerable`1[TSource]), Línea: 0] - ORA-00907: falta el paréntesis derecho
ORA-06512: en "SRES.PKG_SRES_MANTENIMIENTO", línea 51
ORA-06512: en línea 1
17/06/2020 05:37:39: [Método: System.Collections.Generic.IEnumerable`1[T] Query[T](System.Data.IDbConnection, System.String, System.Object, System.Data.IDbTransaction, Boolean, System.Nullable`1[System.Int32], System.Nullable`1[System.Data.CommandType]), Línea: 0] - ORA-00907: falta el paréntesis derecho
ORA-06512: en "SRES.PKG_SRES_MANTENIMIENTO", línea 51
ORA-06512: en línea 1
17/06/2020 05:37:39: [Método: System.Collections.Generic.List`1[sres.be.CriterioBE] ListarBusquedaCriterio(sres.be.CriterioBE), Línea: 35] - ORA-00907: falta el paréntesis derecho
ORA-06512: en "SRES.PKG_SRES_MANTENIMIENTO", línea 51
ORA-06512: en línea 1
17/06/2020 05:41:54: [Método: Void HandleErrorHelper(Int32, Oracle.DataAccess.Client.OracleConnection, IntPtr, Oracle.DataAccess.Client.OpoSqlValCtx*, System.Object, System.String, Boolean, Int32, Oracle.DataAccess.Client.OracleLogicalTransaction), Línea: 0] - ORA-00907: falta el paréntesis derecho
ORA-06512: en "SRES.PKG_SRES_MANTENIMIENTO", línea 51
ORA-06512: en línea 1
17/06/2020 05:41:54: [Método: Void HandleError(Int32, Oracle.DataAccess.Client.OracleConnection, System.String, IntPtr, Oracle.DataAccess.Client.OpoSqlValCtx*, System.Object, Boolean, Oracle.DataAccess.Client.OracleLogicalTransaction), Línea: 0] - ORA-00907: falta el paréntesis derecho
ORA-06512: en "SRES.PKG_SRES_MANTENIMIENTO", línea 51
ORA-06512: en línea 1
17/06/2020 05:41:54: [Método: Oracle.DataAccess.Client.OracleDataReader ExecuteReader(Boolean, Boolean, System.Data.CommandBehavior), Línea: 0] - ORA-00907: falta el paréntesis derecho
ORA-06512: en "SRES.PKG_SRES_MANTENIMIENTO", línea 51
ORA-06512: en línea 1
17/06/2020 05:41:54: [Método: System.Data.Common.DbDataReader ExecuteDbDataReader(System.Data.CommandBehavior), Línea: 0] - ORA-00907: falta el paréntesis derecho
ORA-06512: en "SRES.PKG_SRES_MANTENIMIENTO", línea 51
ORA-06512: en línea 1
17/06/2020 05:41:54: [Método: System.Data.IDataReader System.Data.IDbCommand.ExecuteReader(System.Data.CommandBehavior), Línea: 0] - ORA-00907: falta el paréntesis derecho
ORA-06512: en "SRES.PKG_SRES_MANTENIMIENTO", línea 51
ORA-06512: en línea 1
17/06/2020 05:41:54: [Método: System.Data.IDataReader ExecuteReaderWithFlagsFallback(System.Data.IDbCommand, Boolean, System.Data.CommandBehavior), Línea: 0] - ORA-00907: falta el paréntesis derecho
ORA-06512: en "SRES.PKG_SRES_MANTENIMIENTO", línea 51
ORA-06512: en línea 1
17/06/2020 05:41:54: [Método: Boolean MoveNext(), Línea: 0] - ORA-00907: falta el paréntesis derecho
ORA-06512: en "SRES.PKG_SRES_MANTENIMIENTO", línea 51
ORA-06512: en línea 1
17/06/2020 05:41:54: [Método: Void .ctor(System.Collections.Generic.IEnumerable`1[T]), Línea: 0] - ORA-00907: falta el paréntesis derecho
ORA-06512: en "SRES.PKG_SRES_MANTENIMIENTO", línea 51
ORA-06512: en línea 1
17/06/2020 05:41:54: [Método: System.Collections.Generic.List`1[TSource] ToList[TSource](System.Collections.Generic.IEnumerable`1[TSource]), Línea: 0] - ORA-00907: falta el paréntesis derecho
ORA-06512: en "SRES.PKG_SRES_MANTENIMIENTO", línea 51
ORA-06512: en línea 1
17/06/2020 05:41:54: [Método: System.Collections.Generic.IEnumerable`1[T] Query[T](System.Data.IDbConnection, System.String, System.Object, System.Data.IDbTransaction, Boolean, System.Nullable`1[System.Int32], System.Nullable`1[System.Data.CommandType]), Línea: 0] - ORA-00907: falta el paréntesis derecho
ORA-06512: en "SRES.PKG_SRES_MANTENIMIENTO", línea 51
ORA-06512: en línea 1
17/06/2020 05:41:54: [Método: System.Collections.Generic.List`1[sres.be.CriterioBE] ListarBusquedaCriterio(sres.be.CriterioBE), Línea: 35] - ORA-00907: falta el paréntesis derecho
ORA-06512: en "SRES.PKG_SRES_MANTENIMIENTO", línea 51
ORA-06512: en línea 1
17/06/2020 12:09:31: [Método: Void HandleErrorHelper(Int32, Oracle.DataAccess.Client.OracleConnection, IntPtr, Oracle.DataAccess.Client.OpoSqlValCtx*, System.Object, System.String, Boolean, Int32, Oracle.DataAccess.Client.OracleLogicalTransaction), Línea: 0] - ORA-01017: invalid username/password; logon denied
17/06/2020 12:09:31: [Método: Void HandleError(Int32, Oracle.DataAccess.Client.OracleConnection, IntPtr, System.Object, Oracle.DataAccess.Client.OracleLogicalTransaction), Línea: 0] - ORA-01017: invalid username/password; logon denied
17/06/2020 12:09:31: [Método: Void Open(Oracle.DataAccess.Client.OracleConnection), Línea: 0] - ORA-01017: invalid username/password; logon denied
17/06/2020 12:09:31: [Método: Void Open(), Línea: 0] - ORA-01017: invalid username/password; logon denied
17/06/2020 12:09:31: [Método: Boolean MoveNext(), Línea: 0] - ORA-01017: invalid username/password; logon denied
17/06/2020 12:09:31: [Método: Void .ctor(System.Collections.Generic.IEnumerable`1[T]), Línea: 0] - ORA-01017: invalid username/password; logon denied
17/06/2020 12:09:31: [Método: System.Collections.Generic.List`1[TSource] ToList[TSource](System.Collections.Generic.IEnumerable`1[TSource]), Línea: 0] - ORA-01017: invalid username/password; logon denied
17/06/2020 12:09:31: [Método: System.Collections.Generic.IEnumerable`1[T] Query[T](System.Data.IDbConnection, System.String, System.Object, System.Data.IDbTransaction, Boolean, System.Nullable`1[System.Int32], System.Nullable`1[System.Data.CommandType]), Línea: 0] - ORA-01017: invalid username/password; logon denied
17/06/2020 12:09:31: [Método: System.Collections.Generic.List`1[sres.be.CriterioBE] ListarBusquedaCriterio(sres.be.CriterioBE), Línea: 35] - ORA-01017: invalid username/password; logon denied
17/06/2020 12:12:53: [Método: Void HandleErrorHelper(Int32, Oracle.DataAccess.Client.OracleConnection, IntPtr, Oracle.DataAccess.Client.OpoSqlValCtx*, System.Object, System.String, Boolean, Int32, Oracle.DataAccess.Client.OracleLogicalTransaction), Línea: 0] - ORA-01017: invalid username/password; logon denied
17/06/2020 12:12:53: [Método: Void HandleError(Int32, Oracle.DataAccess.Client.OracleConnection, IntPtr, System.Object, Oracle.DataAccess.Client.OracleLogicalTransaction), Línea: 0] - ORA-01017: invalid username/password; logon denied
17/06/2020 12:12:53: [Método: Void Open(Oracle.DataAccess.Client.OracleConnection), Línea: 0] - ORA-01017: invalid username/password; logon denied
17/06/2020 12:12:53: [Método: Void Open(), Línea: 0] - ORA-01017: invalid username/password; logon denied
17/06/2020 12:12:53: [Método: Boolean MoveNext(), Línea: 0] - ORA-01017: invalid username/password; logon denied
17/06/2020 12:12:53: [Método: Void .ctor(System.Collections.Generic.IEnumerable`1[T]), Línea: 0] - ORA-01017: invalid username/password; logon denied
17/06/2020 12:12:53: [Método: System.Collections.Generic.List`1[TSource] ToList[TSource](System.Collections.Generic.IEnumerable`1[TSource]), Línea: 0] - ORA-01017: invalid username/password; logon denied
17/06/2020 12:12:53: [Método: System.Collections.Generic.IEnumerable`1[T] Query[T](System.Data.IDbConnection, System.String, System.Object, System.Data.IDbTransaction, Boolean, System.Nullable`1[System.Int32], System.Nullable`1[System.Data.CommandType]), Línea: 0] - ORA-01017: invalid username/password; logon denied
17/06/2020 12:12:53: [Método: System.Collections.Generic.List`1[sres.be.CriterioBE] ListarBusquedaCriterio(sres.be.CriterioBE), Línea: 35] - ORA-01017: invalid username/password; logon denied
17/06/2020 12:23:26: [Método: Void HandleErrorHelper(Int32, Oracle.DataAccess.Client.OracleConnection, IntPtr, Oracle.DataAccess.Client.OpoSqlValCtx*, System.Object, System.String, Boolean, Int32, Oracle.DataAccess.Client.OracleLogicalTransaction), Línea: 0] - ORA-01017: invalid username/password; logon denied
17/06/2020 12:23:26: [Método: Void HandleError(Int32, Oracle.DataAccess.Client.OracleConnection, IntPtr, System.Object, Oracle.DataAccess.Client.OracleLogicalTransaction), Línea: 0] - ORA-01017: invalid username/password; logon denied
17/06/2020 12:23:26: [Método: Void Open(Oracle.DataAccess.Client.OracleConnection), Línea: 0] - ORA-01017: invalid username/password; logon denied
17/06/2020 12:23:26: [Método: Void Open(), Línea: 0] - ORA-01017: invalid username/password; logon denied
17/06/2020 12:23:26: [Método: Boolean MoveNext(), Línea: 0] - ORA-01017: invalid username/password; logon denied
17/06/2020 12:23:26: [Método: Void .ctor(System.Collections.Generic.IEnumerable`1[T]), Línea: 0] - ORA-01017: invalid username/password; logon denied
17/06/2020 12:23:26: [Método: System.Collections.Generic.List`1[TSource] ToList[TSource](System.Collections.Generic.IEnumerable`1[TSource]), Línea: 0] - ORA-01017: invalid username/password; logon denied
17/06/2020 12:23:26: [Método: System.Collections.Generic.IEnumerable`1[T] Query[T](System.Data.IDbConnection, System.String, System.Object, System.Data.IDbTransaction, Boolean, System.Nullable`1[System.Int32], System.Nullable`1[System.Data.CommandType]), Línea: 0] - ORA-01017: invalid username/password; logon denied
17/06/2020 12:23:26: [Método: System.Collections.Generic.List`1[sres.be.CriterioBE] ListarBusquedaCriterio(sres.be.CriterioBE), Línea: 35] - ORA-01017: invalid username/password; logon denied
17/06/2020 12:23:38: [Método: Void HandleErrorHelper(Int32, Oracle.DataAccess.Client.OracleConnection, IntPtr, Oracle.DataAccess.Client.OpoSqlValCtx*, System.Object, System.String, Boolean, Int32, Oracle.DataAccess.Client.OracleLogicalTransaction), Línea: 0] - ORA-01017: invalid username/password; logon denied
17/06/2020 12:23:38: [Método: Void HandleError(Int32, Oracle.DataAccess.Client.OracleConnection, IntPtr, System.Object, Oracle.DataAccess.Client.OracleLogicalTransaction), Línea: 0] - ORA-01017: invalid username/password; logon denied
17/06/2020 12:23:38: [Método: Void Open(Oracle.DataAccess.Client.OracleConnection), Línea: 0] - ORA-01017: invalid username/password; logon denied
17/06/2020 12:23:38: [Método: Void Open(), Línea: 0] - ORA-01017: invalid username/password; logon denied
17/06/2020 12:23:38: [Método: Boolean MoveNext(), Línea: 0] - ORA-01017: invalid username/password; logon denied
17/06/2020 12:23:38: [Método: Void .ctor(System.Collections.Generic.IEnumerable`1[T]), Línea: 0] - ORA-01017: invalid username/password; logon denied
17/06/2020 12:23:38: [Método: System.Collections.Generic.List`1[TSource] ToList[TSource](System.Collections.Generic.IEnumerable`1[TSource]), Línea: 0] - ORA-01017: invalid username/password; logon denied
17/06/2020 12:23:38: [Método: System.Collections.Generic.IEnumerable`1[T] Query[T](System.Data.IDbConnection, System.String, System.Object, System.Data.IDbTransaction, Boolean, System.Nullable`1[System.Int32], System.Nullable`1[System.Data.CommandType]), Línea: 0] - ORA-01017: invalid username/password; logon denied
17/06/2020 12:23:38: [Método: System.Collections.Generic.List`1[sres.be.CriterioBE] ListarBusquedaCriterio(sres.be.CriterioBE), Línea: 35] - ORA-01017: invalid username/password; logon denied
17/06/2020 12:40:01: [Método: Void HandleErrorHelper(Int32, Oracle.DataAccess.Client.OracleConnection, IntPtr, Oracle.DataAccess.Client.OpoSqlValCtx*, System.Object, System.String, Boolean, Int32, Oracle.DataAccess.Client.OracleLogicalTransaction), Línea: 0] - ORA-01017: invalid username/password; logon denied
17/06/2020 12:40:01: [Método: Void HandleError(Int32, Oracle.DataAccess.Client.OracleConnection, IntPtr, System.Object, Oracle.DataAccess.Client.OracleLogicalTransaction), Línea: 0] - ORA-01017: invalid username/password; logon denied
17/06/2020 12:40:01: [Método: Void Open(Oracle.DataAccess.Client.OracleConnection), Línea: 0] - ORA-01017: invalid username/password; logon denied
17/06/2020 12:40:01: [Método: Void Open(), Línea: 0] - ORA-01017: invalid username/password; logon denied
17/06/2020 12:40:01: [Método: Boolean MoveNext(), Línea: 0] - ORA-01017: invalid username/password; logon denied
17/06/2020 12:40:01: [Método: Void .ctor(System.Collections.Generic.IEnumerable`1[T]), Línea: 0] - ORA-01017: invalid username/password; logon denied
17/06/2020 12:40:01: [Método: System.Collections.Generic.List`1[TSource] ToList[TSource](System.Collections.Generic.IEnumerable`1[TSource]), Línea: 0] - ORA-01017: invalid username/password; logon denied
17/06/2020 12:40:01: [Método: System.Collections.Generic.IEnumerable`1[T] Query[T](System.Data.IDbConnection, System.String, System.Object, System.Data.IDbTransaction, Boolean, System.Nullable`1[System.Int32], System.Nullable`1[System.Data.CommandType]), Línea: 0] - ORA-01017: invalid username/password; logon denied
17/06/2020 12:40:01: [Método: System.Collections.Generic.List`1[sres.be.CriterioBE] ListarBusquedaCriterio(sres.be.CriterioBE), Línea: 35] - ORA-01017: invalid username/password; logon denied
17/06/2020 22:02:57: [Método: Void HandleErrorHelper(Int32, Oracle.DataAccess.Client.OracleConnection, IntPtr, Oracle.DataAccess.Client.OpoSqlValCtx*, System.Object, System.String, Boolean, Int32, Oracle.DataAccess.Client.OracleLogicalTransaction), Línea: 0] - ORA-01017: invalid username/password; logon denied
17/06/2020 22:02:57: [Método: Void HandleError(Int32, Oracle.DataAccess.Client.OracleConnection, IntPtr, System.Object, Oracle.DataAccess.Client.OracleLogicalTransaction), Línea: 0] - ORA-01017: invalid username/password; logon denied
17/06/2020 22:02:57: [Método: Void Open(Oracle.DataAccess.Client.OracleConnection), Línea: 0] - ORA-01017: invalid username/password; logon denied
17/06/2020 22:02:57: [Método: Void Open(), Línea: 0] - ORA-01017: invalid username/password; logon denied
17/06/2020 22:02:57: [Método: T QueryRowImpl[T](System.Data.IDbConnection, Row, Dapper.CommandDefinition ByRef, System.Type), Línea: 0] - ORA-01017: invalid username/password; logon denied
17/06/2020 22:02:57: [Método: T QueryFirstOrDefault[T](System.Data.IDbConnection, System.String, System.Object, System.Data.IDbTransaction, System.Nullable`1[System.Int32], System.Nullable`1[System.Data.CommandType]), Línea: 0] - ORA-01017: invalid username/password; logon denied
17/06/2020 22:02:57: [Método: sres.be.UsuarioBE ObtenerUsuarioPorCorreo(System.String), Línea: 57] - ORA-01017: invalid username/password; logon denied
