24/06/2020 10:53:50: [Método: Void HandleErrorHelper(Int32, Oracle.DataAccess.Client.OracleConnection, IntPtr, Oracle.DataAccess.Client.OpoSqlValCtx*, System.Object, System.String, Boolean, Int32, Oracle.DataAccess.Client.OracleLogicalTransaction), Línea: 0] - ORA-06550: línea 1, columna 35:
PLS-00302: el componente 'USP_SEL_VERIFICAR_EMAIL' se debe declarar
ORA-06550: línea 1, columna 7:
PL/SQL: Statement ignored
24/06/2020 10:53:50: [Método: Void HandleError(Int32, Oracle.DataAccess.Client.OracleConnection, System.String, IntPtr, Oracle.DataAccess.Client.OpoSqlValCtx*, System.Object, Boolean, Oracle.DataAccess.Client.OracleLogicalTransaction), Línea: 0] - ORA-06550: línea 1, columna 35:
PLS-00302: el componente 'USP_SEL_VERIFICAR_EMAIL' se debe declarar
ORA-06550: línea 1, columna 7:
PL/SQL: Statement ignored
24/06/2020 10:53:50: [Método: Int32 ExecuteNonQuery(), Línea: 0] - ORA-06550: línea 1, columna 35:
PLS-00302: el componente 'USP_SEL_VERIFICAR_EMAIL' se debe declarar
ORA-06550: línea 1, columna 7:
PL/SQL: Statement ignored
24/06/2020 10:53:50: [Método: Int32 ExecuteCommand(System.Data.IDbConnection, Dapper.CommandDefinition ByRef, System.Action`2[System.Data.IDbCommand,System.Object]), Línea: 0] - ORA-06550: línea 1, columna 35:
PLS-00302: el componente 'USP_SEL_VERIFICAR_EMAIL' se debe declarar
ORA-06550: línea 1, columna 7:
PL/SQL: Statement ignored
24/06/2020 10:53:50: [Método: Int32 ExecuteImpl(System.Data.IDbConnection, Dapper.CommandDefinition ByRef), Línea: 0] - ORA-06550: línea 1, columna 35:
PLS-00302: el componente 'USP_SEL_VERIFICAR_EMAIL' se debe declarar
ORA-06550: línea 1, columna 7:
PL/SQL: Statement ignored
24/06/2020 10:53:50: [Método: Int32 Execute(System.Data.IDbConnection, System.String, System.Object, System.Data.IDbTransaction, System.Nullable`1[System.Int32], System.Nullable`1[System.Data.CommandType]), Línea: 0] - ORA-06550: línea 1, columna 35:
PLS-00302: el componente 'USP_SEL_VERIFICAR_EMAIL' se debe declarar
ORA-06550: línea 1, columna 7:
PL/SQL: Statement ignored
24/06/2020 10:53:50: [Método: Boolean VerificarCorreo(System.String, Oracle.DataAccess.Client.OracleConnection, Oracle.DataAccess.Client.OracleTransaction), Línea: 25] - ORA-06550: línea 1, columna 35:
PLS-00302: el componente 'USP_SEL_VERIFICAR_EMAIL' se debe declarar
ORA-06550: línea 1, columna 7:
PL/SQL: Statement ignored
24/06/2020 10:54:30: [Método: Void HandleErrorHelper(Int32, Oracle.DataAccess.Client.OracleConnection, IntPtr, Oracle.DataAccess.Client.OpoSqlValCtx*, System.Object, System.String, Boolean, Int32, Oracle.DataAccess.Client.OracleLogicalTransaction), Línea: 0] - ORA-06550: línea 1, columna 35:
PLS-00302: el componente 'USP_SEL_VERIFICAR_EMAIL' se debe declarar
ORA-06550: línea 1, columna 7:
PL/SQL: Statement ignored
24/06/2020 10:54:30: [Método: Void HandleError(Int32, Oracle.DataAccess.Client.OracleConnection, System.String, IntPtr, Oracle.DataAccess.Client.OpoSqlValCtx*, System.Object, Boolean, Oracle.DataAccess.Client.OracleLogicalTransaction), Línea: 0] - ORA-06550: línea 1, columna 35:
PLS-00302: el componente 'USP_SEL_VERIFICAR_EMAIL' se debe declarar
ORA-06550: línea 1, columna 7:
PL/SQL: Statement ignored
24/06/2020 10:54:30: [Método: Int32 ExecuteNonQuery(), Línea: 0] - ORA-06550: línea 1, columna 35:
PLS-00302: el componente 'USP_SEL_VERIFICAR_EMAIL' se debe declarar
ORA-06550: línea 1, columna 7:
PL/SQL: Statement ignored
24/06/2020 10:54:30: [Método: Int32 ExecuteCommand(System.Data.IDbConnection, Dapper.CommandDefinition ByRef, System.Action`2[System.Data.IDbCommand,System.Object]), Línea: 0] - ORA-06550: línea 1, columna 35:
PLS-00302: el componente 'USP_SEL_VERIFICAR_EMAIL' se debe declarar
ORA-06550: línea 1, columna 7:
PL/SQL: Statement ignored
24/06/2020 10:54:30: [Método: Int32 ExecuteImpl(System.Data.IDbConnection, Dapper.CommandDefinition ByRef), Línea: 0] - ORA-06550: línea 1, columna 35:
PLS-00302: el componente 'USP_SEL_VERIFICAR_EMAIL' se debe declarar
ORA-06550: línea 1, columna 7:
PL/SQL: Statement ignored
24/06/2020 10:54:30: [Método: Int32 Execute(System.Data.IDbConnection, System.String, System.Object, System.Data.IDbTransaction, System.Nullable`1[System.Int32], System.Nullable`1[System.Data.CommandType]), Línea: 0] - ORA-06550: línea 1, columna 35:
PLS-00302: el componente 'USP_SEL_VERIFICAR_EMAIL' se debe declarar
ORA-06550: línea 1, columna 7:
PL/SQL: Statement ignored
24/06/2020 10:54:30: [Método: Boolean VerificarCorreo(System.String, Oracle.DataAccess.Client.OracleConnection, Oracle.DataAccess.Client.OracleTransaction), Línea: 25] - ORA-06550: línea 1, columna 35:
PLS-00302: el componente 'USP_SEL_VERIFICAR_EMAIL' se debe declarar
ORA-06550: línea 1, columna 7:
PL/SQL: Statement ignored
24/06/2020 10:55:37: [Método: Void HandleErrorHelper(Int32, Oracle.DataAccess.Client.OracleConnection, IntPtr, Oracle.DataAccess.Client.OpoSqlValCtx*, System.Object, System.String, Boolean, Int32, Oracle.DataAccess.Client.OracleLogicalTransaction), Línea: 0] - ORA-06550: línea 1, columna 35:
PLS-00302: el componente 'USP_SEL_VERIFICAR_EMAIL' se debe declarar
ORA-06550: línea 1, columna 7:
PL/SQL: Statement ignored
24/06/2020 10:55:37: [Método: Void HandleError(Int32, Oracle.DataAccess.Client.OracleConnection, System.String, IntPtr, Oracle.DataAccess.Client.OpoSqlValCtx*, System.Object, Boolean, Oracle.DataAccess.Client.OracleLogicalTransaction), Línea: 0] - ORA-06550: línea 1, columna 35:
PLS-00302: el componente 'USP_SEL_VERIFICAR_EMAIL' se debe declarar
ORA-06550: línea 1, columna 7:
PL/SQL: Statement ignored
24/06/2020 10:55:37: [Método: Int32 ExecuteNonQuery(), Línea: 0] - ORA-06550: línea 1, columna 35:
PLS-00302: el componente 'USP_SEL_VERIFICAR_EMAIL' se debe declarar
ORA-06550: línea 1, columna 7:
PL/SQL: Statement ignored
24/06/2020 10:55:37: [Método: Int32 ExecuteCommand(System.Data.IDbConnection, Dapper.CommandDefinition ByRef, System.Action`2[System.Data.IDbCommand,System.Object]), Línea: 0] - ORA-06550: línea 1, columna 35:
PLS-00302: el componente 'USP_SEL_VERIFICAR_EMAIL' se debe declarar
ORA-06550: línea 1, columna 7:
PL/SQL: Statement ignored
24/06/2020 10:55:37: [Método: Int32 ExecuteImpl(System.Data.IDbConnection, Dapper.CommandDefinition ByRef), Línea: 0] - ORA-06550: línea 1, columna 35:
PLS-00302: el componente 'USP_SEL_VERIFICAR_EMAIL' se debe declarar
ORA-06550: línea 1, columna 7:
PL/SQL: Statement ignored
24/06/2020 10:55:37: [Método: Int32 Execute(System.Data.IDbConnection, System.String, System.Object, System.Data.IDbTransaction, System.Nullable`1[System.Int32], System.Nullable`1[System.Data.CommandType]), Línea: 0] - ORA-06550: línea 1, columna 35:
PLS-00302: el componente 'USP_SEL_VERIFICAR_EMAIL' se debe declarar
ORA-06550: línea 1, columna 7:
PL/SQL: Statement ignored
24/06/2020 10:55:37: [Método: Boolean VerificarCorreo(System.String, Oracle.DataAccess.Client.OracleConnection, Oracle.DataAccess.Client.OracleTransaction), Línea: 25] - ORA-06550: línea 1, columna 35:
PLS-00302: el componente 'USP_SEL_VERIFICAR_EMAIL' se debe declarar
ORA-06550: línea 1, columna 7:
PL/SQL: Statement ignored
24/06/2020 13:47:00: [Método: Void HandleErrorHelper(Int32, Oracle.DataAccess.Client.OracleConnection, IntPtr, Oracle.DataAccess.Client.OpoSqlValCtx*, System.Object, System.String, Boolean, Int32, Oracle.DataAccess.Client.OracleLogicalTransaction), Línea: 0] - ORA-06550: línea 1, columna 35:
PLS-00302: el componente 'USP_SEL_OBTIENE_USUARIO_RUC_CORREO' se debe declarar
ORA-06550: línea 1, columna 7:
PL/SQL: Statement ignored
24/06/2020 13:47:00: [Método: Void HandleError(Int32, Oracle.DataAccess.Client.OracleConnection, System.String, IntPtr, Oracle.DataAccess.Client.OpoSqlValCtx*, System.Object, Boolean, Oracle.DataAccess.Client.OracleLogicalTransaction), Línea: 0] - ORA-06550: línea 1, columna 35:
PLS-00302: el componente 'USP_SEL_OBTIENE_USUARIO_RUC_CORREO' se debe declarar
ORA-06550: línea 1, columna 7:
PL/SQL: Statement ignored
24/06/2020 13:47:00: [Método: Oracle.DataAccess.Client.OracleDataReader ExecuteReader(Boolean, Boolean, System.Data.CommandBehavior), Línea: 0] - ORA-06550: línea 1, columna 35:
PLS-00302: el componente 'USP_SEL_OBTIENE_USUARIO_RUC_CORREO' se debe declarar
ORA-06550: línea 1, columna 7:
PL/SQL: Statement ignored
24/06/2020 13:47:00: [Método: System.Data.Common.DbDataReader ExecuteDbDataReader(System.Data.CommandBehavior), Línea: 0] - ORA-06550: línea 1, columna 35:
PLS-00302: el componente 'USP_SEL_OBTIENE_USUARIO_RUC_CORREO' se debe declarar
ORA-06550: línea 1, columna 7:
PL/SQL: Statement ignored
24/06/2020 13:47:00: [Método: System.Data.IDataReader System.Data.IDbCommand.ExecuteReader(System.Data.CommandBehavior), Línea: 0] - ORA-06550: línea 1, columna 35:
PLS-00302: el componente 'USP_SEL_OBTIENE_USUARIO_RUC_CORREO' se debe declarar
ORA-06550: línea 1, columna 7:
PL/SQL: Statement ignored
24/06/2020 13:47:00: [Método: System.Data.IDataReader ExecuteReaderWithFlagsFallback(System.Data.IDbCommand, Boolean, System.Data.CommandBehavior), Línea: 0] - ORA-06550: línea 1, columna 35:
PLS-00302: el componente 'USP_SEL_OBTIENE_USUARIO_RUC_CORREO' se debe declarar
ORA-06550: línea 1, columna 7:
PL/SQL: Statement ignored
24/06/2020 13:47:00: [Método: T QueryRowImpl[T](System.Data.IDbConnection, Row, Dapper.CommandDefinition ByRef, System.Type), Línea: 0] - ORA-06550: línea 1, columna 35:
PLS-00302: el componente 'USP_SEL_OBTIENE_USUARIO_RUC_CORREO' se debe declarar
ORA-06550: línea 1, columna 7:
PL/SQL: Statement ignored
24/06/2020 13:47:00: [Método: T QueryFirstOrDefault[T](System.Data.IDbConnection, System.String, System.Object, System.Data.IDbTransaction, System.Nullable`1[System.Int32], System.Nullable`1[System.Data.CommandType]), Línea: 0] - ORA-06550: línea 1, columna 35:
PLS-00302: el componente 'USP_SEL_OBTIENE_USUARIO_RUC_CORREO' se debe declarar
ORA-06550: línea 1, columna 7:
PL/SQL: Statement ignored
24/06/2020 13:47:00: [Método: sres.be.MRV.UsuarioBE ObtenerUsuarioPorCorreo(System.String, Oracle.DataAccess.Client.OracleConnection), Línea: 44] - ORA-06550: línea 1, columna 35:
PLS-00302: el componente 'USP_SEL_OBTIENE_USUARIO_RUC_CORREO' se debe declarar
ORA-06550: línea 1, columna 7:
PL/SQL: Statement ignored
