
Creating package PKG_SISSELLO_ADMIN
===============================


Package created


Creating package PKG_SISSELLO_CRITERIO
==================================


Package created


Creating package PKG_SISSELLO_MANTENIMIENTO
=======================================


Package created


Creating package PKG_SISSELLO_VERIFICACION
=====================================


Package created


Creating package body PKG_SISSELLO_ADMIN
====================================


Package body created


Creating package body PKG_SISSELLO_CRITERIO
=======================================


Package body created


Creating package body PKG_SISSELLO_MANTENIMIENTO
============================================


Package body created


Creating package body PKG_SISSELLO_VERIFICACION
==========================================


Package body created

Done
